<?xml version="1.0" encoding="UTF-8"?>
<testng-results skipped="0" failed="0" total="1" passed="1">
  <reporter-output>
  </reporter-output>
  <suite name="Default suite" duration-ms="49223" started-at="2019-06-14T05:27:37Z" finished-at="2019-06-14T05:28:27Z">
    <groups>
      <group name="cucumber">
        <method signature="AbstractTestNGCucumberTests.feature(cucumber.api.testng.CucumberFeatureWrapper)[pri:0, instance:com.runner.TestRunner@6e1567f1]" name="feature" class="cucumber.api.testng.AbstractTestNGCucumberTests"/>
      </group> <!-- cucumber -->
    </groups>
    <test name="Default test" duration-ms="49223" started-at="2019-06-14T05:27:37Z" finished-at="2019-06-14T05:28:27Z">
      <class name="com.runner.TestRunner">
        <test-method status="PASS" signature="setUpClass()[pri:0, instance:com.runner.TestRunner@6e1567f1]" name="setUpClass" is-config="true" duration-ms="623" started-at="2019-06-14T10:57:37Z" finished-at="2019-06-14T10:57:38Z">
          <reporter-output>
          </reporter-output>
        </test-method> <!-- setUpClass -->
        <test-method status="PASS" signature="feature(cucumber.api.testng.CucumberFeatureWrapper)[pri:0, instance:com.runner.TestRunner@6e1567f1]" name="feature" duration-ms="48220" started-at="2019-06-14T10:57:38Z" description="Runs Cucumber Feature" data-provider="features" finished-at="2019-06-14T10:58:27Z">
          <params>
            <param index="0">
              <value>
                <![CDATA[GCR Login Functionality]]>
              </value>
            </param>
          </params>
          <reporter-output>
          </reporter-output>
        </test-method> <!-- feature -->
        <test-method status="PASS" signature="tearDownClass()[pri:0, instance:com.runner.TestRunner@6e1567f1]" name="tearDownClass" is-config="true" duration-ms="53" started-at="2019-06-14T10:58:27Z" finished-at="2019-06-14T10:58:27Z">
          <reporter-output>
          </reporter-output>
        </test-method> <!-- tearDownClass -->
      </class> <!-- com.runner.TestRunner -->
    </test> <!-- Default test -->
  </suite> <!-- Default suite -->
</testng-results>
